2015/02/25 17:09:41 [error] [exception.CHttpException.404] exception 'CHttpException' with message 'The system is unable to find the requested action "index.php".' in C:\xampp\htdocs\yii-1\framework\web\CController.php:483
Stack trace:
#0 C:\xampp\htdocs\yii-1\framework\web\CController.php(270): CController->missingAction('index.php')
#1 C:\xampp\htdocs\yii-1\framework\web\CWebApplication.php(282): CController->run('index.php')
#2 C:\xampp\htdocs\yii-1\framework\web\CWebApplication.php(141): CWebApplication->runController('site/index.php')
#3 C:\xampp\htdocs\yii-1\framework\base\CApplication.php(184): CWebApplication->processRequest()
#4 C:\xampp\htdocs\consentinfo\index.php(13): CApplication->run()
#5 {main}
REQUEST_URI=/consentinfo/index.php?r=site/index.php
---
2015/02/25 17:10:27 [error] [exception.CHttpException.404] exception 'CHttpException' with message 'Unable to resolve the request "saludo/index.php".' in C:\xampp\htdocs\yii-1\framework\web\CWebApplication.php:286
Stack trace:
#0 C:\xampp\htdocs\yii-1\framework\web\CWebApplication.php(141): CWebApplication->runController('saludo/index.ph...')
#1 C:\xampp\htdocs\yii-1\framework\base\CApplication.php(184): CWebApplication->processRequest()
#2 C:\xampp\htdocs\consentinfo\index.php(13): CApplication->run()
#3 {main}
REQUEST_URI=/consentinfo/index.php?r=saludo/index.php
---
2015/02/25 22:33:21 [error] [exception.CHttpException.404] exception 'CHttpException' with message 'Unable to resolve the request "consultas".' in C:\xampp\htdocs\yii-1\framework\web\CWebApplication.php:286
Stack trace:
#0 C:\xampp\htdocs\yii-1\framework\web\CWebApplication.php(141): CWebApplication->runController('consultas')
#1 C:\xampp\htdocs\yii-1\framework\base\CApplication.php(184): CWebApplication->processRequest()
#2 C:\xampp\htdocs\consentinfo\index.php(13): CApplication->run()
#3 {main}
REQUEST_URI=/consentinfo/consultas
---
2015/02/25 22:33:41 [error] [exception.CHttpException.404] exception 'CHttpException' with message 'Unable to resolve the request "consultas".' in C:\xampp\htdocs\yii-1\framework\web\CWebApplication.php:286
Stack trace:
#0 C:\xampp\htdocs\yii-1\framework\web\CWebApplication.php(141): CWebApplication->runController('consultas')
#1 C:\xampp\htdocs\yii-1\framework\base\CApplication.php(184): CWebApplication->processRequest()
#2 C:\xampp\htdocs\consentinfo\index.php(13): CApplication->run()
#3 {main}
REQUEST_URI=/consentinfo/consultas
---
2015/02/25 22:35:03 [error] [exception.CHttpException.404] exception 'CHttpException' with message 'Unable to resolve the request "consultas/index".' in C:\xampp\htdocs\yii-1\framework\web\CWebApplication.php:286
Stack trace:
#0 C:\xampp\htdocs\yii-1\framework\web\CWebApplication.php(141): CWebApplication->runController('consultas/index')
#1 C:\xampp\htdocs\yii-1\framework\base\CApplication.php(184): CWebApplication->processRequest()
#2 C:\xampp\htdocs\consentinfo\index.php(13): CApplication->run()
#3 {main}
REQUEST_URI=/consentinfo/consultas/index
---
2015/02/25 22:35:11 [error] [exception.CHttpException.404] exception 'CHttpException' with message 'Unable to resolve the request "consultas/index.php".' in C:\xampp\htdocs\yii-1\framework\web\CWebApplication.php:286
Stack trace:
#0 C:\xampp\htdocs\yii-1\framework\web\CWebApplication.php(141): CWebApplication->runController('consultas/index...')
#1 C:\xampp\htdocs\yii-1\framework\base\CApplication.php(184): CWebApplication->processRequest()
#2 C:\xampp\htdocs\consentinfo\index.php(13): CApplication->run()
#3 {main}
REQUEST_URI=/consentinfo/consultas/index.php
---
2015/02/25 22:38:38 [error] [exception.CHttpException.404] exception 'CHttpException' with message 'The system is unable to find the requested action "index.php".' in C:\xampp\htdocs\yii-1\framework\web\CController.php:483
Stack trace:
#0 C:\xampp\htdocs\yii-1\framework\web\CController.php(270): CController->missingAction('index.php')
#1 C:\xampp\htdocs\yii-1\framework\web\CWebApplication.php(282): CController->run('index.php')
#2 C:\xampp\htdocs\yii-1\framework\web\CWebApplication.php(141): CWebApplication->runController('consultas/index...')
#3 C:\xampp\htdocs\yii-1\framework\base\CApplication.php(184): CWebApplication->processRequest()
#4 C:\xampp\htdocs\consentinfo\index.php(13): CApplication->run()
#5 {main}
REQUEST_URI=/consentinfo/consultas/index.php
---
2015/02/25 22:45:48 [error] [exception.CDbException] exception 'CDbException' with message 'The table "Consultas" for active record class "Consultas" cannot be found in the database.' in C:\xampp\htdocs\yii-1\framework\db\ar\CActiveRecord.php:2385
Stack trace:
#0 C:\xampp\htdocs\yii-1\framework\db\ar\CActiveRecord.php(411): CActiveRecordMetaData->__construct(Object(Consultas))
#1 C:\xampp\htdocs\yii-1\framework\db\ar\CActiveRecord.php(661): CActiveRecord->getMetaData()
#2 C:\xampp\htdocs\yii-1\framework\db\ar\CActiveRecord.php(1355): CActiveRecord->getTableSchema()
#3 C:\xampp\htdocs\yii-1\framework\db\ar\CActiveRecord.php(1475): CActiveRecord->query(Object(CDbCriteria), true)
#4 C:\xampp\htdocs\consentinfo\protected\controllers\ConsultasController.php(5): CActiveRecord->findAll()
#5 C:\xampp\htdocs\yii-1\framework\web\actions\CInlineAction.php(49): ConsultasController->actionIndex()
#6 C:\xampp\htdocs\yii-1\framework\web\CController.php(308): CInlineAction->runWithParams(Array)
#7 C:\xampp\htdocs\yii-1\framework\web\CController.php(286): CController->runAction(Object(CInlineAction))
#8 C:\xampp\htdocs\yii-1\framework\web\CController.php(265): CController->runActionWithFilters(Object(CInlineAction), Array)
#9 C:\xampp\htdocs\yii-1\framework\web\CWebApplication.php(282): CController->run('index')
#10 C:\xampp\htdocs\yii-1\framework\web\CWebApplication.php(141): CWebApplication->runController('consultas/index')
#11 C:\xampp\htdocs\yii-1\framework\base\CApplication.php(184): CWebApplication->processRequest()
#12 C:\xampp\htdocs\consentinfo\index.php(13): CApplication->run()
#13 {main}
REQUEST_URI=/consentinfo/consultas/index.html
HTTP_REFERER=http://localhost/consentinfo/site/login.html
---
2015/02/25 22:46:27 [error] [exception.CDbException] exception 'CDbException' with message 'The table "Consultas" for active record class "Consultas" cannot be found in the database.' in C:\xampp\htdocs\yii-1\framework\db\ar\CActiveRecord.php:2385
Stack trace:
#0 C:\xampp\htdocs\yii-1\framework\db\ar\CActiveRecord.php(411): CActiveRecordMetaData->__construct(Object(Consultas))
#1 C:\xampp\htdocs\yii-1\framework\db\ar\CActiveRecord.php(661): CActiveRecord->getMetaData()
#2 C:\xampp\htdocs\yii-1\framework\db\ar\CActiveRecord.php(1355): CActiveRecord->getTableSchema()
#3 C:\xampp\htdocs\yii-1\framework\db\ar\CActiveRecord.php(1475): CActiveRecord->query(Object(CDbCriteria), true)
#4 C:\xampp\htdocs\consentinfo\protected\controllers\ConsultasController.php(5): CActiveRecord->findAll()
#5 C:\xampp\htdocs\yii-1\framework\web\actions\CInlineAction.php(49): ConsultasController->actionIndex()
#6 C:\xampp\htdocs\yii-1\framework\web\CController.php(308): CInlineAction->runWithParams(Array)
#7 C:\xampp\htdocs\yii-1\framework\web\CController.php(286): CController->runAction(Object(CInlineAction))
#8 C:\xampp\htdocs\yii-1\framework\web\CController.php(265): CController->runActionWithFilters(Object(CInlineAction), Array)
#9 C:\xampp\htdocs\yii-1\framework\web\CWebApplication.php(282): CController->run('index')
#10 C:\xampp\htdocs\yii-1\framework\web\CWebApplication.php(141): CWebApplication->runController('consultas/index')
#11 C:\xampp\htdocs\yii-1\framework\base\CApplication.php(184): CWebApplication->processRequest()
#12 C:\xampp\htdocs\consentinfo\index.php(13): CApplication->run()
#13 {main}
REQUEST_URI=/consentinfo/consultas/index.html
HTTP_REFERER=http://localhost/consentinfo/site/login.html
---
2015/02/25 22:48:18 [error] [php] Undefined variable: consultas (C:\xampp\htdocs\consentinfo\protected\controllers\ConsultasController.php:6)
Stack trace:
#0 C:\xampp\htdocs\yii-1\framework\web\CController.php(286): ConsultasController->runAction()
#1 C:\xampp\htdocs\yii-1\framework\web\CController.php(265): ConsultasController->runActionWithFilters()
#2 C:\xampp\htdocs\yii-1\framework\web\CWebApplication.php(282): ConsultasController->run()
#3 C:\xampp\htdocs\yii-1\framework\web\CWebApplication.php(141): CWebApplication->runController()
#4 C:\xampp\htdocs\yii-1\framework\base\CApplication.php(184): CWebApplication->processRequest()
#5 C:\xampp\htdocs\consentinfo\index.php(13): CWebApplication->run()
REQUEST_URI=/consentinfo/consultas/index.html
in C:\xampp\htdocs\consentinfo\protected\controllers\ConsultasController.php (6)
in C:\xampp\htdocs\consentinfo\index.php (13)
2015/02/25 22:48:41 [error] [php] Undefined variable: consultas (C:\xampp\htdocs\consentinfo\protected\controllers\ConsultasController.php:6)
Stack trace:
#0 C:\xampp\htdocs\yii-1\framework\web\CController.php(286): ConsultasController->runAction()
#1 C:\xampp\htdocs\yii-1\framework\web\CController.php(265): ConsultasController->runActionWithFilters()
#2 C:\xampp\htdocs\yii-1\framework\web\CWebApplication.php(282): ConsultasController->run()
#3 C:\xampp\htdocs\yii-1\framework\web\CWebApplication.php(141): CWebApplication->runController()
#4 C:\xampp\htdocs\yii-1\framework\base\CApplication.php(184): CWebApplication->processRequest()
#5 C:\xampp\htdocs\consentinfo\index.php(13): CWebApplication->run()
REQUEST_URI=/consentinfo/consultas/index.html
in C:\xampp\htdocs\consentinfo\protected\controllers\ConsultasController.php (6)
in C:\xampp\htdocs\consentinfo\index.php (13)
2015/02/25 22:48:59 [error] [php] Undefined variable: consultas (C:\xampp\htdocs\consentinfo\protected\controllers\ConsultasController.php:6)
Stack trace:
#0 C:\xampp\htdocs\yii-1\framework\web\CController.php(286): ConsultasController->runAction()
#1 C:\xampp\htdocs\yii-1\framework\web\CController.php(265): ConsultasController->runActionWithFilters()
#2 C:\xampp\htdocs\yii-1\framework\web\CWebApplication.php(282): ConsultasController->run()
#3 C:\xampp\htdocs\yii-1\framework\web\CWebApplication.php(141): CWebApplication->runController()
#4 C:\xampp\htdocs\yii-1\framework\base\CApplication.php(184): CWebApplication->processRequest()
#5 C:\xampp\htdocs\consentinfo\index.php(13): CWebApplication->run()
REQUEST_URI=/consentinfo/consultas/index.html
in C:\xampp\htdocs\consentinfo\protected\controllers\ConsultasController.php (6)
in C:\xampp\htdocs\consentinfo\index.php (13)
2015/02/25 22:49:22 [error] [php] include(nombre.php): failed to open stream: No such file or directory (C:\xampp\htdocs\yii-1\framework\YiiBase.php:432)
Stack trace:
#0 C:\xampp\htdocs\consentinfo\protected\controllers\ConsultasController.php(4): spl_autoload_call()
#1 C:\xampp\htdocs\yii-1\framework\web\actions\CInlineAction.php(49): ConsultasController->actionIndex()
#2 C:\xampp\htdocs\yii-1\framework\web\CController.php(308): CInlineAction->runWithParams()
#3 C:\xampp\htdocs\yii-1\framework\web\CController.php(286): ConsultasController->runAction()
#4 C:\xampp\htdocs\yii-1\framework\web\CController.php(265): ConsultasController->runActionWithFilters()
#5 C:\xampp\htdocs\yii-1\framework\web\CWebApplication.php(282): ConsultasController->run()
#6 C:\xampp\htdocs\yii-1\framework\web\CWebApplication.php(141): CWebApplication->runController()
#7 C:\xampp\htdocs\yii-1\framework\base\CApplication.php(184): CWebApplication->processRequest()
#8 C:\xampp\htdocs\consentinfo\index.php(13): CWebApplication->run()
REQUEST_URI=/consentinfo/consultas/index.html
in C:\xampp\htdocs\consentinfo\protected\controllers\ConsultasController.php (4)
in C:\xampp\htdocs\consentinfo\index.php (13)
2015/02/25 22:55:28 [error] [php] Undefined variable: nombre (C:\xampp\htdocs\consentinfo\protected\controllers\ConsultasController.php:6)
Stack trace:
#0 C:\xampp\htdocs\yii-1\framework\web\CController.php(286): ConsultasController->runAction()
#1 C:\xampp\htdocs\yii-1\framework\web\CController.php(265): ConsultasController->runActionWithFilters()
#2 C:\xampp\htdocs\yii-1\framework\web\CWebApplication.php(282): ConsultasController->run()
#3 C:\xampp\htdocs\yii-1\framework\web\CWebApplication.php(141): CWebApplication->runController()
#4 C:\xampp\htdocs\yii-1\framework\base\CApplication.php(184): CWebApplication->processRequest()
#5 C:\xampp\htdocs\consentinfo\index.php(13): CWebApplication->run()
REQUEST_URI=/consentinfo/consultas/index.html
in C:\xampp\htdocs\consentinfo\protected\controllers\ConsultasController.php (6)
in C:\xampp\htdocs\consentinfo\index.php (13)
2015/02/25 22:59:13 [error] [php] Undefined variable: consultas (C:\xampp\htdocs\consentinfo\protected\views\consultas\index.php:3)
Stack trace:
#0 C:\xampp\htdocs\yii-1\framework\web\CController.php(869): ConsultasController->renderFile()
#1 C:\xampp\htdocs\yii-1\framework\web\CController.php(782): ConsultasController->renderPartial()
#2 C:\xampp\htdocs\consentinfo\protected\controllers\ConsultasController.php(6): ConsultasController->render()
#3 C:\xampp\htdocs\yii-1\framework\web\actions\CInlineAction.php(49): ConsultasController->actionIndex()
#4 C:\xampp\htdocs\yii-1\framework\web\CController.php(308): CInlineAction->runWithParams()
#5 C:\xampp\htdocs\yii-1\framework\web\CController.php(286): ConsultasController->runAction()
#6 C:\xampp\htdocs\yii-1\framework\web\CController.php(265): ConsultasController->runActionWithFilters()
#7 C:\xampp\htdocs\yii-1\framework\web\CWebApplication.php(282): ConsultasController->run()
#8 C:\xampp\htdocs\yii-1\framework\web\CWebApplication.php(141): CWebApplication->runController()
#9 C:\xampp\htdocs\yii-1\framework\base\CApplication.php(184): CWebApplication->processRequest()
#10 C:\xampp\htdocs\consentinfo\index.php(13): CWebApplication->run()
REQUEST_URI=/consentinfo/consultas/index.html
in C:\xampp\htdocs\consentinfo\protected\views\consultas\index.php (3)
in C:\xampp\htdocs\consentinfo\protected\controllers\ConsultasController.php (6)
in C:\xampp\htdocs\consentinfo\index.php (13)
2015/02/25 23:19:57 [error] [php] Undefined variable: model (C:\xampp\htdocs\consentinfo\protected\views\consultas\index.php:15)
Stack trace:
#0 C:\xampp\htdocs\yii-1\framework\web\CController.php(869): ConsultasController->renderFile()
#1 C:\xampp\htdocs\yii-1\framework\web\CController.php(782): ConsultasController->renderPartial()
#2 C:\xampp\htdocs\consentinfo\protected\controllers\ConsultasController.php(6): ConsultasController->render()
#3 C:\xampp\htdocs\yii-1\framework\web\actions\CInlineAction.php(49): ConsultasController->actionIndex()
#4 C:\xampp\htdocs\yii-1\framework\web\CController.php(308): CInlineAction->runWithParams()
#5 C:\xampp\htdocs\yii-1\framework\web\CController.php(286): ConsultasController->runAction()
#6 C:\xampp\htdocs\yii-1\framework\web\CController.php(265): ConsultasController->runActionWithFilters()
#7 C:\xampp\htdocs\yii-1\framework\web\CWebApplication.php(282): ConsultasController->run()
#8 C:\xampp\htdocs\yii-1\framework\web\CWebApplication.php(141): CWebApplication->runController()
#9 C:\xampp\htdocs\yii-1\framework\base\CApplication.php(184): CWebApplication->processRequest()
#10 C:\xampp\htdocs\consentinfo\index.php(13): CWebApplication->run()
REQUEST_URI=/consentinfo/consultas/index.html
in C:\xampp\htdocs\consentinfo\protected\views\consultas\index.php (15)
in C:\xampp\htdocs\consentinfo\protected\controllers\ConsultasController.php (6)
in C:\xampp\htdocs\consentinfo\index.php (13)
2015/02/26 16:25:40 [error] [system.db.CDbCommand] CDbCommand::execute() failed: SQLSTATE[22007]: Invalid datetime format: 7 ERROR:  la sintaxis de entrada no es válida para tipo date: «»
LINE 1: ... "fecha_creacion"='2015-12-12', "fecha_anulacion"='', "corre...
                                                             ^. The SQL statement executed was: UPDATE "consultas" SET "id"=:yp0, "identificacion"=:yp1, "nombre"=:yp2, "apellido"=:yp3, "fecha_creacion"=:yp4, "fecha_anulacion"=:yp5, "correo_electronico"=:yp6, "direccion"=:yp7, "telefono"=:yp8, "documento_consentimiento"=:yp9 WHERE "consultas"."id"=1.
in C:\xampp\htdocs\consentinfo\protected\controllers\ConsultasController.php (97)
in C:\xampp\htdocs\consentinfo\index.php (13)
2015/02/26 16:25:40 [error] [exception.CDbException] exception 'CDbException' with message 'CDbCommand failed to execute the SQL statement: SQLSTATE[22007]: Invalid datetime format: 7 ERROR:  la sintaxis de entrada no es válida para tipo date: «»
LINE 1: ... "fecha_creacion"='2015-12-12', "fecha_anulacion"='', "corre...
                                                             ^. The SQL statement executed was: UPDATE "consultas" SET "id"=:yp0, "identificacion"=:yp1, "nombre"=:yp2, "apellido"=:yp3, "fecha_creacion"=:yp4, "fecha_anulacion"=:yp5, "correo_electronico"=:yp6, "direccion"=:yp7, "telefono"=:yp8, "documento_consentimiento"=:yp9 WHERE "consultas"."id"=1' in C:\xampp\htdocs\yii-1\framework\db\CDbCommand.php:358
Stack trace:
#0 C:\xampp\htdocs\yii-1\framework\db\ar\CActiveRecord.php(1753): CDbCommand->execute()
#1 C:\xampp\htdocs\yii-1\framework\db\ar\CActiveRecord.php(1127): CActiveRecord->updateByPk(1, Array)
#2 C:\xampp\htdocs\yii-1\framework\db\ar\CActiveRecord.php(809): CActiveRecord->update(NULL)
#3 C:\xampp\htdocs\consentinfo\protected\controllers\ConsultasController.php(97): CActiveRecord->save()
#4 [internal function]: ConsultasController->actionUpdate('1')
#5 C:\xampp\htdocs\yii-1\framework\web\actions\CAction.php(109): ReflectionMethod->invokeArgs(Object(ConsultasController), Array)
#6 C:\xampp\htdocs\yii-1\framework\web\actions\CInlineAction.php(47): CAction->runWithParamsInternal(Object(ConsultasController), Object(ReflectionMethod), Array)
#7 C:\xampp\htdocs\yii-1\framework\web\CController.php(308): CInlineAction->runWithParams(Array)
#8 C:\xampp\htdocs\yii-1\framework\web\filters\CFilterChain.php(133): CController->runAction(Object(CInlineAction))
#9 C:\xampp\htdocs\yii-1\framework\web\filters\CFilter.php(40): CFilterChain->run()
#10 C:\xampp\htdocs\yii-1\framework\web\CController.php(1145): CFilter->filter(Object(CFilterChain))
#11 C:\xampp\htdocs\yii-1\framework\web\filters\CInlineFilter.php(58): CController->filterAccessControl(Object(CFilterChain))
#12 C:\xampp\htdocs\yii-1\framework\web\filters\CFilterChain.php(130): CInlineFilter->filter(Object(CFilterChain))
#13 C:\xampp\htdocs\yii-1\framework\web\CController.php(291): CFilterChain->run()
#14 C:\xampp\htdocs\yii-1\framework\web\CController.php(265): CController->runActionWithFilters(Object(CInlineAction), Array)
#15 C:\xampp\htdocs\yii-1\framework\web\CWebApplication.php(282): CController->run('update')
#16 C:\xampp\htdocs\yii-1\framework\web\CWebApplication.php(141): CWebApplication->runController('consultas/updat...')
#17 C:\xampp\htdocs\yii-1\framework\base\CApplication.php(184): CWebApplication->processRequest()
#18 C:\xampp\htdocs\consentinfo\index.php(13): CApplication->run()
#19 {main}
REQUEST_URI=/consentinfo/consultas/update/1.html
HTTP_REFERER=http://localhost/consentinfo/consultas/update/1.html
---
2015/02/26 16:26:09 [error] [system.db.CDbCommand] CDbCommand::execute() failed: SQLSTATE[22007]: Invalid datetime format: 7 ERROR:  la sintaxis de entrada no es válida para tipo date: «nulo»
LINE 1: ... "fecha_creacion"='2015-12-12', "fecha_anulacion"='nulo', "c...
                                                             ^. The SQL statement executed was: UPDATE "consultas" SET "id"=:yp0, "identificacion"=:yp1, "nombre"=:yp2, "apellido"=:yp3, "fecha_creacion"=:yp4, "fecha_anulacion"=:yp5, "correo_electronico"=:yp6, "direccion"=:yp7, "telefono"=:yp8, "documento_consentimiento"=:yp9 WHERE "consultas"."id"=1.
in C:\xampp\htdocs\consentinfo\protected\controllers\ConsultasController.php (97)
in C:\xampp\htdocs\consentinfo\index.php (13)
2015/02/26 16:26:09 [error] [exception.CDbException] exception 'CDbException' with message 'CDbCommand failed to execute the SQL statement: SQLSTATE[22007]: Invalid datetime format: 7 ERROR:  la sintaxis de entrada no es válida para tipo date: «nulo»
LINE 1: ... "fecha_creacion"='2015-12-12', "fecha_anulacion"='nulo', "c...
                                                             ^. The SQL statement executed was: UPDATE "consultas" SET "id"=:yp0, "identificacion"=:yp1, "nombre"=:yp2, "apellido"=:yp3, "fecha_creacion"=:yp4, "fecha_anulacion"=:yp5, "correo_electronico"=:yp6, "direccion"=:yp7, "telefono"=:yp8, "documento_consentimiento"=:yp9 WHERE "consultas"."id"=1' in C:\xampp\htdocs\yii-1\framework\db\CDbCommand.php:358
Stack trace:
#0 C:\xampp\htdocs\yii-1\framework\db\ar\CActiveRecord.php(1753): CDbCommand->execute()
#1 C:\xampp\htdocs\yii-1\framework\db\ar\CActiveRecord.php(1127): CActiveRecord->updateByPk(1, Array)
#2 C:\xampp\htdocs\yii-1\framework\db\ar\CActiveRecord.php(809): CActiveRecord->update(NULL)
#3 C:\xampp\htdocs\consentinfo\protected\controllers\ConsultasController.php(97): CActiveRecord->save()
#4 [internal function]: ConsultasController->actionUpdate('1')
#5 C:\xampp\htdocs\yii-1\framework\web\actions\CAction.php(109): ReflectionMethod->invokeArgs(Object(ConsultasController), Array)
#6 C:\xampp\htdocs\yii-1\framework\web\actions\CInlineAction.php(47): CAction->runWithParamsInternal(Object(ConsultasController), Object(ReflectionMethod), Array)
#7 C:\xampp\htdocs\yii-1\framework\web\CController.php(308): CInlineAction->runWithParams(Array)
#8 C:\xampp\htdocs\yii-1\framework\web\filters\CFilterChain.php(133): CController->runAction(Object(CInlineAction))
#9 C:\xampp\htdocs\yii-1\framework\web\filters\CFilter.php(40): CFilterChain->run()
#10 C:\xampp\htdocs\yii-1\framework\web\CController.php(1145): CFilter->filter(Object(CFilterChain))
#11 C:\xampp\htdocs\yii-1\framework\web\filters\CInlineFilter.php(58): CController->filterAccessControl(Object(CFilterChain))
#12 C:\xampp\htdocs\yii-1\framework\web\filters\CFilterChain.php(130): CInlineFilter->filter(Object(CFilterChain))
#13 C:\xampp\htdocs\yii-1\framework\web\CController.php(291): CFilterChain->run()
#14 C:\xampp\htdocs\yii-1\framework\web\CController.php(265): CController->runActionWithFilters(Object(CInlineAction), Array)
#15 C:\xampp\htdocs\yii-1\framework\web\CWebApplication.php(282): CController->run('update')
#16 C:\xampp\htdocs\yii-1\framework\web\CWebApplication.php(141): CWebApplication->runController('consultas/updat...')
#17 C:\xampp\htdocs\yii-1\framework\base\CApplication.php(184): CWebApplication->processRequest()
#18 C:\xampp\htdocs\consentinfo\index.php(13): CApplication->run()
#19 {main}
REQUEST_URI=/consentinfo/consultas/update/1.html
HTTP_REFERER=http://localhost/consentinfo/consultas/update/1.html
---
2015/02/26 16:26:28 [error] [system.db.CDbCommand] CDbCommand::execute() failed: SQLSTATE[22P02]: Invalid text representation: 7 ERROR:  la sintaxis de entrada no es válida para el tipo numeric: «nulo»
LINE 1: ...ectronico"='nulo', "direccion"='nulo', "telefono"='nulo', "d...
                                                             ^. The SQL statement executed was: UPDATE "consultas" SET "id"=:yp0, "identificacion"=:yp1, "nombre"=:yp2, "apellido"=:yp3, "fecha_creacion"=:yp4, "fecha_anulacion"=:yp5, "correo_electronico"=:yp6, "direccion"=:yp7, "telefono"=:yp8, "documento_consentimiento"=:yp9 WHERE "consultas"."id"=1.
in C:\xampp\htdocs\consentinfo\protected\controllers\ConsultasController.php (97)
in C:\xampp\htdocs\consentinfo\index.php (13)
2015/02/26 16:26:28 [error] [exception.CDbException] exception 'CDbException' with message 'CDbCommand failed to execute the SQL statement: SQLSTATE[22P02]: Invalid text representation: 7 ERROR:  la sintaxis de entrada no es válida para el tipo numeric: «nulo»
LINE 1: ...ectronico"='nulo', "direccion"='nulo', "telefono"='nulo', "d...
                                                             ^. The SQL statement executed was: UPDATE "consultas" SET "id"=:yp0, "identificacion"=:yp1, "nombre"=:yp2, "apellido"=:yp3, "fecha_creacion"=:yp4, "fecha_anulacion"=:yp5, "correo_electronico"=:yp6, "direccion"=:yp7, "telefono"=:yp8, "documento_consentimiento"=:yp9 WHERE "consultas"."id"=1' in C:\xampp\htdocs\yii-1\framework\db\CDbCommand.php:358
Stack trace:
#0 C:\xampp\htdocs\yii-1\framework\db\ar\CActiveRecord.php(1753): CDbCommand->execute()
#1 C:\xampp\htdocs\yii-1\framework\db\ar\CActiveRecord.php(1127): CActiveRecord->updateByPk(1, Array)
#2 C:\xampp\htdocs\yii-1\framework\db\ar\CActiveRecord.php(809): CActiveRecord->update(NULL)
#3 C:\xampp\htdocs\consentinfo\protected\controllers\ConsultasController.php(97): CActiveRecord->save()
#4 [internal function]: ConsultasController->actionUpdate('1')
#5 C:\xampp\htdocs\yii-1\framework\web\actions\CAction.php(109): ReflectionMethod->invokeArgs(Object(ConsultasController), Array)
#6 C:\xampp\htdocs\yii-1\framework\web\actions\CInlineAction.php(47): CAction->runWithParamsInternal(Object(ConsultasController), Object(ReflectionMethod), Array)
#7 C:\xampp\htdocs\yii-1\framework\web\CController.php(308): CInlineAction->runWithParams(Array)
#8 C:\xampp\htdocs\yii-1\framework\web\filters\CFilterChain.php(133): CController->runAction(Object(CInlineAction))
#9 C:\xampp\htdocs\yii-1\framework\web\filters\CFilter.php(40): CFilterChain->run()
#10 C:\xampp\htdocs\yii-1\framework\web\CController.php(1145): CFilter->filter(Object(CFilterChain))
#11 C:\xampp\htdocs\yii-1\framework\web\filters\CInlineFilter.php(58): CController->filterAccessControl(Object(CFilterChain))
#12 C:\xampp\htdocs\yii-1\framework\web\filters\CFilterChain.php(130): CInlineFilter->filter(Object(CFilterChain))
#13 C:\xampp\htdocs\yii-1\framework\web\CController.php(291): CFilterChain->run()
#14 C:\xampp\htdocs\yii-1\framework\web\CController.php(265): CController->runActionWithFilters(Object(CInlineAction), Array)
#15 C:\xampp\htdocs\yii-1\framework\web\CWebApplication.php(282): CController->run('update')
#16 C:\xampp\htdocs\yii-1\framework\web\CWebApplication.php(141): CWebApplication->runController('consultas/updat...')
#17 C:\xampp\htdocs\yii-1\framework\base\CApplication.php(184): CWebApplication->processRequest()
#18 C:\xampp\htdocs\consentinfo\index.php(13): CApplication->run()
#19 {main}
REQUEST_URI=/consentinfo/consultas/update/1.html
HTTP_REFERER=http://localhost/consentinfo/consultas/update/1.html
---
2015/02/26 16:26:46 [error] [system.db.CDbCommand] CDbCommand::execute() failed: SQLSTATE[22P02]: Invalid text representation: 7 ERROR:  la sintaxis de entrada no es válida para el tipo numeric: «»
LINE 1: ...ectronico"='nulo', "direccion"='nulo', "telefono"='', "docum...
                                                             ^. The SQL statement executed was: UPDATE "consultas" SET "id"=:yp0, "identificacion"=:yp1, "nombre"=:yp2, "apellido"=:yp3, "fecha_creacion"=:yp4, "fecha_anulacion"=:yp5, "correo_electronico"=:yp6, "direccion"=:yp7, "telefono"=:yp8, "documento_consentimiento"=:yp9 WHERE "consultas"."id"=1.
in C:\xampp\htdocs\consentinfo\protected\controllers\ConsultasController.php (97)
in C:\xampp\htdocs\consentinfo\index.php (13)
2015/02/26 16:26:46 [error] [exception.CDbException] exception 'CDbException' with message 'CDbCommand failed to execute the SQL statement: SQLSTATE[22P02]: Invalid text representation: 7 ERROR:  la sintaxis de entrada no es válida para el tipo numeric: «»
LINE 1: ...ectronico"='nulo', "direccion"='nulo', "telefono"='', "docum...
                                                             ^. The SQL statement executed was: UPDATE "consultas" SET "id"=:yp0, "identificacion"=:yp1, "nombre"=:yp2, "apellido"=:yp3, "fecha_creacion"=:yp4, "fecha_anulacion"=:yp5, "correo_electronico"=:yp6, "direccion"=:yp7, "telefono"=:yp8, "documento_consentimiento"=:yp9 WHERE "consultas"."id"=1' in C:\xampp\htdocs\yii-1\framework\db\CDbCommand.php:358
Stack trace:
#0 C:\xampp\htdocs\yii-1\framework\db\ar\CActiveRecord.php(1753): CDbCommand->execute()
#1 C:\xampp\htdocs\yii-1\framework\db\ar\CActiveRecord.php(1127): CActiveRecord->updateByPk(1, Array)
#2 C:\xampp\htdocs\yii-1\framework\db\ar\CActiveRecord.php(809): CActiveRecord->update(NULL)
#3 C:\xampp\htdocs\consentinfo\protected\controllers\ConsultasController.php(97): CActiveRecord->save()
#4 [internal function]: ConsultasController->actionUpdate('1')
#5 C:\xampp\htdocs\yii-1\framework\web\actions\CAction.php(109): ReflectionMethod->invokeArgs(Object(ConsultasController), Array)
#6 C:\xampp\htdocs\yii-1\framework\web\actions\CInlineAction.php(47): CAction->runWithParamsInternal(Object(ConsultasController), Object(ReflectionMethod), Array)
#7 C:\xampp\htdocs\yii-1\framework\web\CController.php(308): CInlineAction->runWithParams(Array)
#8 C:\xampp\htdocs\yii-1\framework\web\filters\CFilterChain.php(133): CController->runAction(Object(CInlineAction))
#9 C:\xampp\htdocs\yii-1\framework\web\filters\CFilter.php(40): CFilterChain->run()
#10 C:\xampp\htdocs\yii-1\framework\web\CController.php(1145): CFilter->filter(Object(CFilterChain))
#11 C:\xampp\htdocs\yii-1\framework\web\filters\CInlineFilter.php(58): CController->filterAccessControl(Object(CFilterChain))
#12 C:\xampp\htdocs\yii-1\framework\web\filters\CFilterChain.php(130): CInlineFilter->filter(Object(CFilterChain))
#13 C:\xampp\htdocs\yii-1\framework\web\CController.php(291): CFilterChain->run()
#14 C:\xampp\htdocs\yii-1\framework\web\CController.php(265): CController->runActionWithFilters(Object(CInlineAction), Array)
#15 C:\xampp\htdocs\yii-1\framework\web\CWebApplication.php(282): CController->run('update')
#16 C:\xampp\htdocs\yii-1\framework\web\CWebApplication.php(141): CWebApplication->runController('consultas/updat...')
#17 C:\xampp\htdocs\yii-1\framework\base\CApplication.php(184): CWebApplication->processRequest()
#18 C:\xampp\htdocs\consentinfo\index.php(13): CApplication->run()
#19 {main}
REQUEST_URI=/consentinfo/consultas/update/1.html
HTTP_REFERER=http://localhost/consentinfo/consultas/update/1.html
---
2015/02/26 16:40:23 [error] [php] Undefined variable: model (C:\xampp\htdocs\consentinfo\protected\views\consultas\index.php:19)
Stack trace:
#0 C:\xampp\htdocs\yii-1\framework\web\CController.php(869): ConsultasController->renderFile()
#1 C:\xampp\htdocs\yii-1\framework\web\CController.php(782): ConsultasController->renderPartial()
#2 C:\xampp\htdocs\consentinfo\protected\controllers\ConsultasController.php(128): ConsultasController->render()
#3 C:\xampp\htdocs\yii-1\framework\web\actions\CInlineAction.php(49): ConsultasController->actionIndex()
#4 C:\xampp\htdocs\yii-1\framework\web\CController.php(308): CInlineAction->runWithParams()
#5 C:\xampp\htdocs\yii-1\framework\web\filters\CFilterChain.php(133): ConsultasController->runAction()
#6 C:\xampp\htdocs\yii-1\framework\web\filters\CFilter.php(40): CFilterChain->run()
#7 C:\xampp\htdocs\yii-1\framework\web\CController.php(1145): CAccessControlFilter->filter()
#8 C:\xampp\htdocs\yii-1\framework\web\filters\CInlineFilter.php(58): ConsultasController->filterAccessControl()
#9 C:\xampp\htdocs\yii-1\framework\web\filters\CFilterChain.php(130): CInlineFilter->filter()
#10 C:\xampp\htdocs\yii-1\framework\web\CController.php(291): CFilterChain->run()
#11 C:\xampp\htdocs\yii-1\framework\web\CController.php(265): ConsultasController->runActionWithFilters()
#12 C:\xampp\htdocs\yii-1\framework\web\CWebApplication.php(282): ConsultasController->run()
#13 C:\xampp\htdocs\yii-1\framework\web\CWebApplication.php(141): CWebApplication->runController()
#14 C:\xampp\htdocs\yii-1\framework\base\CApplication.php(184): CWebApplication->processRequest()
#15 C:\xampp\htdocs\consentinfo\index.php(13): CWebApplication->run()
REQUEST_URI=/consentinfo/consultas/index.html
in C:\xampp\htdocs\consentinfo\protected\views\consultas\index.php (19)
in C:\xampp\htdocs\consentinfo\protected\controllers\ConsultasController.php (128)
in C:\xampp\htdocs\consentinfo\index.php (13)
2015/02/26 16:41:37 [error] [php] Undefined variable: model (C:\xampp\htdocs\consentinfo\protected\views\consultas\index.php:32)
Stack trace:
#0 C:\xampp\htdocs\yii-1\framework\web\CController.php(869): ConsultasController->renderFile()
#1 C:\xampp\htdocs\yii-1\framework\web\CController.php(782): ConsultasController->renderPartial()
#2 C:\xampp\htdocs\consentinfo\protected\controllers\ConsultasController.php(128): ConsultasController->render()
#3 C:\xampp\htdocs\yii-1\framework\web\actions\CInlineAction.php(49): ConsultasController->actionIndex()
#4 C:\xampp\htdocs\yii-1\framework\web\CController.php(308): CInlineAction->runWithParams()
#5 C:\xampp\htdocs\yii-1\framework\web\filters\CFilterChain.php(133): ConsultasController->runAction()
#6 C:\xampp\htdocs\yii-1\framework\web\filters\CFilter.php(40): CFilterChain->run()
#7 C:\xampp\htdocs\yii-1\framework\web\CController.php(1145): CAccessControlFilter->filter()
#8 C:\xampp\htdocs\yii-1\framework\web\filters\CInlineFilter.php(58): ConsultasController->filterAccessControl()
#9 C:\xampp\htdocs\yii-1\framework\web\filters\CFilterChain.php(130): CInlineFilter->filter()
#10 C:\xampp\htdocs\yii-1\framework\web\CController.php(291): CFilterChain->run()
#11 C:\xampp\htdocs\yii-1\framework\web\CController.php(265): ConsultasController->runActionWithFilters()
#12 C:\xampp\htdocs\yii-1\framework\web\CWebApplication.php(282): ConsultasController->run()
#13 C:\xampp\htdocs\yii-1\framework\web\CWebApplication.php(141): CWebApplication->runController()
#14 C:\xampp\htdocs\yii-1\framework\base\CApplication.php(184): CWebApplication->processRequest()
#15 C:\xampp\htdocs\consentinfo\index.php(13): CWebApplication->run()
REQUEST_URI=/consentinfo/consultas/index.html
in C:\xampp\htdocs\consentinfo\protected\views\consultas\index.php (32)
in C:\xampp\htdocs\consentinfo\protected\controllers\ConsultasController.php (128)
in C:\xampp\htdocs\consentinfo\index.php (13)
2015/02/26 20:29:59 [error] [php] Undefined variable: model (C:\xampp\htdocs\consentinfo\protected\views\consultas\_view.php:12)
Stack trace:
#0 C:\xampp\htdocs\yii-1\framework\zii\widgets\CListView.php(291): ConsultasController->renderFile()
#1 C:\xampp\htdocs\yii-1\framework\zii\widgets\CBaseListView.php(181): CListView->renderItems()
#2 unknown(0): CListView->renderSection()
#3 C:\xampp\htdocs\yii-1\framework\zii\widgets\CBaseListView.php(164): preg_replace_callback()
#4 C:\xampp\htdocs\yii-1\framework\zii\widgets\CBaseListView.php(149): CListView->renderContent()
#5 C:\xampp\htdocs\yii-1\framework\web\CBaseController.php(181): CListView->run()
#6 C:\xampp\htdocs\consentinfo\protected\views\consultas\index.php(22): ConsultasController->widget()
#7 C:\xampp\htdocs\yii-1\framework\web\CBaseController.php(126): require()
#8 C:\xampp\htdocs\yii-1\framework\web\CBaseController.php(95): ConsultasController->renderInternal()
#9 C:\xampp\htdocs\yii-1\framework\web\CController.php(869): ConsultasController->renderFile()
#10 C:\xampp\htdocs\yii-1\framework\web\CController.php(782): ConsultasController->renderPartial()
#11 C:\xampp\htdocs\consentinfo\protected\controllers\ConsultasController.php(128): ConsultasController->render()
#12 C:\xampp\htdocs\yii-1\framework\web\actions\CInlineAction.php(49): ConsultasController->actionIndex()
#13 C:\xampp\htdocs\yii-1\framework\web\CController.php(308): CInlineAction->runWithParams()
#14 C:\xampp\htdocs\yii-1\framework\web\filters\CFilterChain.php(133): ConsultasController->runAction()
#15 C:\xampp\htdocs\yii-1\framework\web\filters\CFilter.php(40): CFilterChain->run()
#16 C:\xampp\htdocs\yii-1\framework\web\CController.php(1145): CAccessControlFilter->filter()
#17 C:\xampp\htdocs\yii-1\framework\web\filters\CInlineFilter.php(58): ConsultasController->filterAccessControl()
#18 C:\xampp\htdocs\yii-1\framework\web\filters\CFilterChain.php(130): CInlineFilter->filter()
#19 C:\xampp\htdocs\yii-1\framework\web\CController.php(291): CFilterChain->run()
#20 C:\xampp\htdocs\yii-1\framework\web\CController.php(265): ConsultasController->runActionWithFilters()
#21 C:\xampp\htdocs\yii-1\framework\web\CWebApplication.php(282): ConsultasController->run()
#22 C:\xampp\htdocs\yii-1\framework\web\CWebApplication.php(141): CWebApplication->runController()
#23 C:\xampp\htdocs\yii-1\framework\base\CApplication.php(184): CWebApplication->processRequest()
#24 C:\xampp\htdocs\consentinfo\index.php(13): CWebApplication->run()
REQUEST_URI=/consentinfo/consultas/
in C:\xampp\htdocs\consentinfo\protected\views\consultas\_view.php (12)
in C:\xampp\htdocs\consentinfo\protected\views\consultas\index.php (22)
in C:\xampp\htdocs\consentinfo\protected\controllers\ConsultasController.php (128)
2015/02/26 20:50:46 [error] [exception.CException] exception 'CException' with message 'ConsultasController contains improperly nested widget tags in its view "C:\xampp\htdocs\consentinfo\protected\views\consultas\index.php". A CActiveForm widget does not have an endWidget() call.' in C:\xampp\htdocs\yii-1\framework\web\CBaseController.php:101
Stack trace:
#0 C:\xampp\htdocs\yii-1\framework\web\CController.php(869): CBaseController->renderFile('C:\\xampp\\htdocs...', Array, true)
#1 C:\xampp\htdocs\yii-1\framework\web\CController.php(782): CController->renderPartial('index', Array, true)
#2 C:\xampp\htdocs\consentinfo\protected\controllers\ConsultasController.php(128): CController->render('index', Array)
#3 C:\xampp\htdocs\yii-1\framework\web\actions\CInlineAction.php(49): ConsultasController->actionIndex()
#4 C:\xampp\htdocs\yii-1\framework\web\CController.php(308): CInlineAction->runWithParams(Array)
#5 C:\xampp\htdocs\yii-1\framework\web\filters\CFilterChain.php(133): CController->runAction(Object(CInlineAction))
#6 C:\xampp\htdocs\yii-1\framework\web\filters\CFilter.php(40): CFilterChain->run()
#7 C:\xampp\htdocs\yii-1\framework\web\CController.php(1145): CFilter->filter(Object(CFilterChain))
#8 C:\xampp\htdocs\yii-1\framework\web\filters\CInlineFilter.php(58): CController->filterAccessControl(Object(CFilterChain))
#9 C:\xampp\htdocs\yii-1\framework\web\filters\CFilterChain.php(130): CInlineFilter->filter(Object(CFilterChain))
#10 C:\xampp\htdocs\yii-1\framework\web\CController.php(291): CFilterChain->run()
#11 C:\xampp\htdocs\yii-1\framework\web\CController.php(265): CController->runActionWithFilters(Object(CInlineAction), Array)
#12 C:\xampp\htdocs\yii-1\framework\web\CWebApplication.php(282): CController->run('index')
#13 C:\xampp\htdocs\yii-1\framework\web\CWebApplication.php(141): CWebApplication->runController('consultas/index')
#14 C:\xampp\htdocs\yii-1\framework\base\CApplication.php(184): CWebApplication->processRequest()
#15 C:\xampp\htdocs\consentinfo\index.php(13): CApplication->run()
#16 {main}
REQUEST_URI=/consentinfo/consultas/index.html?Consultas%5Bidentificacion%5D=juan&Consultas%5Bnombre%5D=&Consultas%5Bapellido%5D=&yt0=Search
HTTP_REFERER=http://localhost/consentinfo/consultas/index.html?Consultas%5Bidentificacion%5D=juan&Consultas%5Bnombre%5D=&Consultas%5Bapellido%5D=&yt0=Search
---
2015/02/26 22:18:13 [error] [php] Undefined variable: model (C:\xampp\htdocs\consentinfo\protected\views\consultas\index.php:36)
Stack trace:
#0 C:\xampp\htdocs\yii-1\framework\web\CController.php(869): ConsultasController->renderFile()
#1 C:\xampp\htdocs\yii-1\framework\web\CController.php(782): ConsultasController->renderPartial()
#2 C:\xampp\htdocs\consentinfo\protected\controllers\ConsultasController.php(128): ConsultasController->render()
#3 C:\xampp\htdocs\yii-1\framework\web\actions\CInlineAction.php(49): ConsultasController->actionIndex()
#4 C:\xampp\htdocs\yii-1\framework\web\CController.php(308): CInlineAction->runWithParams()
#5 C:\xampp\htdocs\yii-1\framework\web\filters\CFilterChain.php(133): ConsultasController->runAction()
#6 C:\xampp\htdocs\yii-1\framework\web\filters\CFilter.php(40): CFilterChain->run()
#7 C:\xampp\htdocs\yii-1\framework\web\CController.php(1145): CAccessControlFilter->filter()
#8 C:\xampp\htdocs\yii-1\framework\web\filters\CInlineFilter.php(58): ConsultasController->filterAccessControl()
#9 C:\xampp\htdocs\yii-1\framework\web\filters\CFilterChain.php(130): CInlineFilter->filter()
#10 C:\xampp\htdocs\yii-1\framework\web\CController.php(291): CFilterChain->run()
#11 C:\xampp\htdocs\yii-1\framework\web\CController.php(265): ConsultasController->runActionWithFilters()
#12 C:\xampp\htdocs\yii-1\framework\web\CWebApplication.php(282): ConsultasController->run()
#13 C:\xampp\htdocs\yii-1\framework\web\CWebApplication.php(141): CWebApplication->runController()
#14 C:\xampp\htdocs\yii-1\framework\base\CApplication.php(184): CWebApplication->processRequest()
#15 C:\xampp\htdocs\consentinfo\index.php(13): CWebApplication->run()
REQUEST_URI=/consentinfo/consultas/
in C:\xampp\htdocs\consentinfo\protected\views\consultas\index.php (36)
in C:\xampp\htdocs\consentinfo\protected\controllers\ConsultasController.php (128)
in C:\xampp\htdocs\consentinfo\index.php (13)
2015/02/26 22:19:14 [error] [php] Undefined variable: model (C:\xampp\htdocs\consentinfo\protected\views\consultas\index.php:36)
Stack trace:
#0 C:\xampp\htdocs\yii-1\framework\web\CController.php(869): ConsultasController->renderFile()
#1 C:\xampp\htdocs\yii-1\framework\web\CController.php(782): ConsultasController->renderPartial()
#2 C:\xampp\htdocs\consentinfo\protected\controllers\ConsultasController.php(128): ConsultasController->render()
#3 C:\xampp\htdocs\yii-1\framework\web\actions\CInlineAction.php(49): ConsultasController->actionIndex()
#4 C:\xampp\htdocs\yii-1\framework\web\CController.php(308): CInlineAction->runWithParams()
#5 C:\xampp\htdocs\yii-1\framework\web\filters\CFilterChain.php(133): ConsultasController->runAction()
#6 C:\xampp\htdocs\yii-1\framework\web\filters\CFilter.php(40): CFilterChain->run()
#7 C:\xampp\htdocs\yii-1\framework\web\CController.php(1145): CAccessControlFilter->filter()
#8 C:\xampp\htdocs\yii-1\framework\web\filters\CInlineFilter.php(58): ConsultasController->filterAccessControl()
#9 C:\xampp\htdocs\yii-1\framework\web\filters\CFilterChain.php(130): CInlineFilter->filter()
#10 C:\xampp\htdocs\yii-1\framework\web\CController.php(291): CFilterChain->run()
#11 C:\xampp\htdocs\yii-1\framework\web\CController.php(265): ConsultasController->runActionWithFilters()
#12 C:\xampp\htdocs\yii-1\framework\web\CWebApplication.php(282): ConsultasController->run()
#13 C:\xampp\htdocs\yii-1\framework\web\CWebApplication.php(141): CWebApplication->runController()
#14 C:\xampp\htdocs\yii-1\framework\base\CApplication.php(184): CWebApplication->processRequest()
#15 C:\xampp\htdocs\consentinfo\index.php(13): CWebApplication->run()
REQUEST_URI=/consentinfo/consultas/
in C:\xampp\htdocs\consentinfo\protected\views\consultas\index.php (36)
in C:\xampp\htdocs\consentinfo\protected\controllers\ConsultasController.php (128)
in C:\xampp\htdocs\consentinfo\index.php (13)
2015/02/26 22:19:48 [error] [php] Undefined variable: model (C:\xampp\htdocs\consentinfo\protected\views\consultas\index.php:36)
Stack trace:
#0 C:\xampp\htdocs\yii-1\framework\web\CController.php(869): ConsultasController->renderFile()
#1 C:\xampp\htdocs\yii-1\framework\web\CController.php(782): ConsultasController->renderPartial()
#2 C:\xampp\htdocs\consentinfo\protected\controllers\ConsultasController.php(128): ConsultasController->render()
#3 C:\xampp\htdocs\yii-1\framework\web\actions\CInlineAction.php(49): ConsultasController->actionIndex()
#4 C:\xampp\htdocs\yii-1\framework\web\CController.php(308): CInlineAction->runWithParams()
#5 C:\xampp\htdocs\yii-1\framework\web\filters\CFilterChain.php(133): ConsultasController->runAction()
#6 C:\xampp\htdocs\yii-1\framework\web\filters\CFilter.php(40): CFilterChain->run()
#7 C:\xampp\htdocs\yii-1\framework\web\CController.php(1145): CAccessControlFilter->filter()
#8 C:\xampp\htdocs\yii-1\framework\web\filters\CInlineFilter.php(58): ConsultasController->filterAccessControl()
#9 C:\xampp\htdocs\yii-1\framework\web\filters\CFilterChain.php(130): CInlineFilter->filter()
#10 C:\xampp\htdocs\yii-1\framework\web\CController.php(291): CFilterChain->run()
#11 C:\xampp\htdocs\yii-1\framework\web\CController.php(265): ConsultasController->runActionWithFilters()
#12 C:\xampp\htdocs\yii-1\framework\web\CWebApplication.php(282): ConsultasController->run()
#13 C:\xampp\htdocs\yii-1\framework\web\CWebApplication.php(141): CWebApplication->runController()
#14 C:\xampp\htdocs\yii-1\framework\base\CApplication.php(184): CWebApplication->processRequest()
#15 C:\xampp\htdocs\consentinfo\index.php(13): CWebApplication->run()
REQUEST_URI=/consentinfo/consultas/
in C:\xampp\htdocs\consentinfo\protected\views\consultas\index.php (36)
in C:\xampp\htdocs\consentinfo\protected\controllers\ConsultasController.php (128)
in C:\xampp\htdocs\consentinfo\index.php (13)
2015/02/26 22:20:37 [error] [php] Undefined variable: model (C:\xampp\htdocs\consentinfo\protected\views\consultas\index.php:36)
Stack trace:
#0 C:\xampp\htdocs\yii-1\framework\web\CController.php(869): ConsultasController->renderFile()
#1 C:\xampp\htdocs\yii-1\framework\web\CController.php(782): ConsultasController->renderPartial()
#2 C:\xampp\htdocs\consentinfo\protected\controllers\ConsultasController.php(128): ConsultasController->render()
#3 C:\xampp\htdocs\yii-1\framework\web\actions\CInlineAction.php(49): ConsultasController->actionIndex()
#4 C:\xampp\htdocs\yii-1\framework\web\CController.php(308): CInlineAction->runWithParams()
#5 C:\xampp\htdocs\yii-1\framework\web\filters\CFilterChain.php(133): ConsultasController->runAction()
#6 C:\xampp\htdocs\yii-1\framework\web\filters\CFilter.php(40): CFilterChain->run()
#7 C:\xampp\htdocs\yii-1\framework\web\CController.php(1145): CAccessControlFilter->filter()
#8 C:\xampp\htdocs\yii-1\framework\web\filters\CInlineFilter.php(58): ConsultasController->filterAccessControl()
#9 C:\xampp\htdocs\yii-1\framework\web\filters\CFilterChain.php(130): CInlineFilter->filter()
#10 C:\xampp\htdocs\yii-1\framework\web\CController.php(291): CFilterChain->run()
#11 C:\xampp\htdocs\yii-1\framework\web\CController.php(265): ConsultasController->runActionWithFilters()
#12 C:\xampp\htdocs\yii-1\framework\web\CWebApplication.php(282): ConsultasController->run()
#13 C:\xampp\htdocs\yii-1\framework\web\CWebApplication.php(141): CWebApplication->runController()
#14 C:\xampp\htdocs\yii-1\framework\base\CApplication.php(184): CWebApplication->processRequest()
#15 C:\xampp\htdocs\consentinfo\index.php(13): CWebApplication->run()
REQUEST_URI=/consentinfo/consultas/
in C:\xampp\htdocs\consentinfo\protected\views\consultas\index.php (36)
in C:\xampp\htdocs\consentinfo\protected\controllers\ConsultasController.php (128)
in C:\xampp\htdocs\consentinfo\index.php (13)
2015/02/26 22:42:11 [error] [exception.CException] exception 'CException' with message 'Property "CGridView.0" is not defined.' in C:\xampp\htdocs\yii-1\framework\base\CComponent.php:173
Stack trace:
#0 C:\xampp\htdocs\yii-1\framework\web\CWidgetFactory.php(161): CComponent->__set('0', 'renderItems')
#1 C:\xampp\htdocs\yii-1\framework\web\CBaseController.php(146): CWidgetFactory->createWidget(Object(ConsultasController), 'zii.widgets.gri...', Array)
#2 C:\xampp\htdocs\yii-1\framework\web\CBaseController.php(180): CBaseController->createWidget('zii.widgets.gri...', Array)
#3 C:\xampp\htdocs\consentinfo\protected\views\consultas\index.php(39): CBaseController->widget('zii.widgets.gri...', Array)
#4 C:\xampp\htdocs\yii-1\framework\web\CBaseController.php(126): require('C:\\xampp\\htdocs...')
#5 C:\xampp\htdocs\yii-1\framework\web\CBaseController.php(95): CBaseController->renderInternal('C:\\xampp\\htdocs...', Array, true)
#6 C:\xampp\htdocs\yii-1\framework\web\CController.php(869): CBaseController->renderFile('C:\\xampp\\htdocs...', Array, true)
#7 C:\xampp\htdocs\yii-1\framework\web\CController.php(782): CController->renderPartial('index', Array, true)
#8 C:\xampp\htdocs\consentinfo\protected\controllers\ConsultasController.php(132): CController->render('index', Array)
#9 C:\xampp\htdocs\yii-1\framework\web\actions\CInlineAction.php(49): ConsultasController->actionIndex()
#10 C:\xampp\htdocs\yii-1\framework\web\CController.php(308): CInlineAction->runWithParams(Array)
#11 C:\xampp\htdocs\yii-1\framework\web\filters\CFilterChain.php(133): CController->runAction(Object(CInlineAction))
#12 C:\xampp\htdocs\yii-1\framework\web\filters\CFilter.php(40): CFilterChain->run()
#13 C:\xampp\htdocs\yii-1\framework\web\CController.php(1145): CFilter->filter(Object(CFilterChain))
#14 C:\xampp\htdocs\yii-1\framework\web\filters\CInlineFilter.php(58): CController->filterAccessControl(Object(CFilterChain))
#15 C:\xampp\htdocs\yii-1\framework\web\filters\CFilterChain.php(130): CInlineFilter->filter(Object(CFilterChain))
#16 C:\xampp\htdocs\yii-1\framework\web\CController.php(291): CFilterChain->run()
#17 C:\xampp\htdocs\yii-1\framework\web\CController.php(265): CController->runActionWithFilters(Object(CInlineAction), Array)
#18 C:\xampp\htdocs\yii-1\framework\web\CWebApplication.php(282): CController->run('index')
#19 C:\xampp\htdocs\yii-1\framework\web\CWebApplication.php(141): CWebApplication->runController('consultas/index')
#20 C:\xampp\htdocs\yii-1\framework\base\CApplication.php(184): CWebApplication->processRequest()
#21 C:\xampp\htdocs\consentinfo\index.php(13): CApplication->run()
#22 {main}
REQUEST_URI=/consentinfo/consultas/index.html
HTTP_REFERER=http://localhost/consentinfo/consultas/admin
---
2015/02/26 22:42:17 [error] [exception.CException] exception 'CException' with message 'Property "CGridView.0" is not defined.' in C:\xampp\htdocs\yii-1\framework\base\CComponent.php:173
Stack trace:
#0 C:\xampp\htdocs\yii-1\framework\web\CWidgetFactory.php(161): CComponent->__set('0', 'renderItems')
#1 C:\xampp\htdocs\yii-1\framework\web\CBaseController.php(146): CWidgetFactory->createWidget(Object(ConsultasController), 'zii.widgets.gri...', Array)
#2 C:\xampp\htdocs\yii-1\framework\web\CBaseController.php(180): CBaseController->createWidget('zii.widgets.gri...', Array)
#3 C:\xampp\htdocs\consentinfo\protected\views\consultas\index.php(39): CBaseController->widget('zii.widgets.gri...', Array)
#4 C:\xampp\htdocs\yii-1\framework\web\CBaseController.php(126): require('C:\\xampp\\htdocs...')
#5 C:\xampp\htdocs\yii-1\framework\web\CBaseController.php(95): CBaseController->renderInternal('C:\\xampp\\htdocs...', Array, true)
#6 C:\xampp\htdocs\yii-1\framework\web\CController.php(869): CBaseController->renderFile('C:\\xampp\\htdocs...', Array, true)
#7 C:\xampp\htdocs\yii-1\framework\web\CController.php(782): CController->renderPartial('index', Array, true)
#8 C:\xampp\htdocs\consentinfo\protected\controllers\ConsultasController.php(132): CController->render('index', Array)
#9 C:\xampp\htdocs\yii-1\framework\web\actions\CInlineAction.php(49): ConsultasController->actionIndex()
#10 C:\xampp\htdocs\yii-1\framework\web\CController.php(308): CInlineAction->runWithParams(Array)
#11 C:\xampp\htdocs\yii-1\framework\web\filters\CFilterChain.php(133): CController->runAction(Object(CInlineAction))
#12 C:\xampp\htdocs\yii-1\framework\web\filters\CFilter.php(40): CFilterChain->run()
#13 C:\xampp\htdocs\yii-1\framework\web\CController.php(1145): CFilter->filter(Object(CFilterChain))
#14 C:\xampp\htdocs\yii-1\framework\web\filters\CInlineFilter.php(58): CController->filterAccessControl(Object(CFilterChain))
#15 C:\xampp\htdocs\yii-1\framework\web\filters\CFilterChain.php(130): CInlineFilter->filter(Object(CFilterChain))
#16 C:\xampp\htdocs\yii-1\framework\web\CController.php(291): CFilterChain->run()
#17 C:\xampp\htdocs\yii-1\framework\web\CController.php(265): CController->runActionWithFilters(Object(CInlineAction), Array)
#18 C:\xampp\htdocs\yii-1\framework\web\CWebApplication.php(282): CController->run('index')
#19 C:\xampp\htdocs\yii-1\framework\web\CWebApplication.php(141): CWebApplication->runController('consultas/index')
#20 C:\xampp\htdocs\yii-1\framework\base\CApplication.php(184): CWebApplication->processRequest()
#21 C:\xampp\htdocs\consentinfo\index.php(13): CApplication->run()
#22 {main}
REQUEST_URI=/consentinfo/consultas/index.html
HTTP_REFERER=http://localhost/consentinfo/consultas/admin
---
2015/02/26 22:50:02 [error] [exception.CException] exception 'CException' with message 'Property "CGridView.0" is not defined.' in C:\xampp\htdocs\yii-1\framework\base\CComponent.php:173
Stack trace:
#0 C:\xampp\htdocs\yii-1\framework\web\CWidgetFactory.php(161): CComponent->__set('0', 'renderTableBody')
#1 C:\xampp\htdocs\yii-1\framework\web\CBaseController.php(146): CWidgetFactory->createWidget(Object(ConsultasController), 'zii.widgets.gri...', Array)
#2 C:\xampp\htdocs\yii-1\framework\web\CBaseController.php(180): CBaseController->createWidget('zii.widgets.gri...', Array)
#3 C:\xampp\htdocs\consentinfo\protected\views\consultas\index.php(39): CBaseController->widget('zii.widgets.gri...', Array)
#4 C:\xampp\htdocs\yii-1\framework\web\CBaseController.php(126): require('C:\\xampp\\htdocs...')
#5 C:\xampp\htdocs\yii-1\framework\web\CBaseController.php(95): CBaseController->renderInternal('C:\\xampp\\htdocs...', Array, true)
#6 C:\xampp\htdocs\yii-1\framework\web\CController.php(869): CBaseController->renderFile('C:\\xampp\\htdocs...', Array, true)
#7 C:\xampp\htdocs\yii-1\framework\web\CController.php(782): CController->renderPartial('index', Array, true)
#8 C:\xampp\htdocs\consentinfo\protected\controllers\ConsultasController.php(132): CController->render('index', Array)
#9 C:\xampp\htdocs\yii-1\framework\web\actions\CInlineAction.php(49): ConsultasController->actionIndex()
#10 C:\xampp\htdocs\yii-1\framework\web\CController.php(308): CInlineAction->runWithParams(Array)
#11 C:\xampp\htdocs\yii-1\framework\web\filters\CFilterChain.php(133): CController->runAction(Object(CInlineAction))
#12 C:\xampp\htdocs\yii-1\framework\web\filters\CFilter.php(40): CFilterChain->run()
#13 C:\xampp\htdocs\yii-1\framework\web\CController.php(1145): CFilter->filter(Object(CFilterChain))
#14 C:\xampp\htdocs\yii-1\framework\web\filters\CInlineFilter.php(58): CController->filterAccessControl(Object(CFilterChain))
#15 C:\xampp\htdocs\yii-1\framework\web\filters\CFilterChain.php(130): CInlineFilter->filter(Object(CFilterChain))
#16 C:\xampp\htdocs\yii-1\framework\web\CController.php(291): CFilterChain->run()
#17 C:\xampp\htdocs\yii-1\framework\web\CController.php(265): CController->runActionWithFilters(Object(CInlineAction), Array)
#18 C:\xampp\htdocs\yii-1\framework\web\CWebApplication.php(282): CController->run('index')
#19 C:\xampp\htdocs\yii-1\framework\web\CWebApplication.php(141): CWebApplication->runController('consultas/index')
#20 C:\xampp\htdocs\yii-1\framework\base\CApplication.php(184): CWebApplication->processRequest()
#21 C:\xampp\htdocs\consentinfo\index.php(13): CApplication->run()
#22 {main}
REQUEST_URI=/consentinfo/consultas/index.html
HTTP_REFERER=http://localhost/consentinfo/site/login.html
---
2015/02/26 23:09:10 [error] [php] include(EEditableColumn.php): failed to open stream: No such file or directory (C:\xampp\htdocs\yii-1\framework\YiiBase.php:432)
Stack trace:
#0 unknown(0): spl_autoload_call()
#1 C:\xampp\htdocs\yii-1\framework\YiiBase.php(303): class_exists()
#2 C:\xampp\htdocs\yii-1\framework\YiiBase.php(196): import()
#3 C:\xampp\htdocs\yii-1\framework\zii\widgets\grid\CGridView.php(388): createComponent()
#4 C:\xampp\htdocs\yii-1\framework\zii\widgets\grid\CGridView.php(359): CGridView->initColumns()
#5 C:\xampp\htdocs\yii-1\framework\web\CBaseController.php(147): CGridView->init()
#6 C:\xampp\htdocs\yii-1\framework\web\CBaseController.php(180): ConsultasController->createWidget()
#7 C:\xampp\htdocs\consentinfo\protected\views\consultas\index.php(43): ConsultasController->widget()
#8 C:\xampp\htdocs\yii-1\framework\web\CBaseController.php(126): require()
#9 C:\xampp\htdocs\yii-1\framework\web\CBaseController.php(95): ConsultasController->renderInternal()
#10 C:\xampp\htdocs\yii-1\framework\web\CController.php(869): ConsultasController->renderFile()
#11 C:\xampp\htdocs\yii-1\framework\web\CController.php(782): ConsultasController->renderPartial()
#12 C:\xampp\htdocs\consentinfo\protected\controllers\ConsultasController.php(132): ConsultasController->render()
#13 C:\xampp\htdocs\yii-1\framework\web\actions\CInlineAction.php(49): ConsultasController->actionIndex()
#14 C:\xampp\htdocs\yii-1\framework\web\CController.php(308): CInlineAction->runWithParams()
#15 C:\xampp\htdocs\yii-1\framework\web\filters\CFilterChain.php(133): ConsultasController->runAction()
#16 C:\xampp\htdocs\yii-1\framework\web\filters\CFilter.php(40): CFilterChain->run()
#17 C:\xampp\htdocs\yii-1\framework\web\CController.php(1145): CAccessControlFilter->filter()
#18 C:\xampp\htdocs\yii-1\framework\web\filters\CInlineFilter.php(58): ConsultasController->filterAccessControl()
#19 C:\xampp\htdocs\yii-1\framework\web\filters\CFilterChain.php(130): CInlineFilter->filter()
#20 C:\xampp\htdocs\yii-1\framework\web\CController.php(291): CFilterChain->run()
#21 C:\xampp\htdocs\yii-1\framework\web\CController.php(265): ConsultasController->runActionWithFilters()
#22 C:\xampp\htdocs\yii-1\framework\web\CWebApplication.php(282): ConsultasController->run()
#23 C:\xampp\htdocs\yii-1\framework\web\CWebApplication.php(141): CWebApplication->runController()
#24 C:\xampp\htdocs\yii-1\framework\base\CApplication.php(184): CWebApplication->processRequest()
#25 C:\xampp\htdocs\consentinfo\index.php(13): CWebApplication->run()
REQUEST_URI=/consentinfo/consultas/index.html?Consultas[identificacion]=&Consultas[nombre]=&Consultas[apellido]=&Consultas[fecha_creacion]=&Consultas[fecha_anulacion]=&Consultas[correo_electronico]=&Consultas_page=1
in C:\xampp\htdocs\consentinfo\protected\views\consultas\index.php (43)
in C:\xampp\htdocs\consentinfo\protected\controllers\ConsultasController.php (132)
in C:\xampp\htdocs\consentinfo\index.php (13)
2015/02/26 23:09:43 [error] [php] include(EEditableColumn.php): failed to open stream: No such file or directory (C:\xampp\htdocs\yii-1\framework\YiiBase.php:432)
Stack trace:
#0 unknown(0): spl_autoload_call()
#1 C:\xampp\htdocs\yii-1\framework\YiiBase.php(303): class_exists()
#2 C:\xampp\htdocs\yii-1\framework\YiiBase.php(196): import()
#3 C:\xampp\htdocs\yii-1\framework\zii\widgets\grid\CGridView.php(388): createComponent()
#4 C:\xampp\htdocs\yii-1\framework\zii\widgets\grid\CGridView.php(359): CGridView->initColumns()
#5 C:\xampp\htdocs\yii-1\framework\web\CBaseController.php(147): CGridView->init()
#6 C:\xampp\htdocs\yii-1\framework\web\CBaseController.php(180): ConsultasController->createWidget()
#7 C:\xampp\htdocs\consentinfo\protected\views\consultas\index.php(44): ConsultasController->widget()
#8 C:\xampp\htdocs\yii-1\framework\web\CBaseController.php(126): require()
#9 C:\xampp\htdocs\yii-1\framework\web\CBaseController.php(95): ConsultasController->renderInternal()
#10 C:\xampp\htdocs\yii-1\framework\web\CController.php(869): ConsultasController->renderFile()
#11 C:\xampp\htdocs\yii-1\framework\web\CController.php(782): ConsultasController->renderPartial()
#12 C:\xampp\htdocs\consentinfo\protected\controllers\ConsultasController.php(132): ConsultasController->render()
#13 C:\xampp\htdocs\yii-1\framework\web\actions\CInlineAction.php(49): ConsultasController->actionIndex()
#14 C:\xampp\htdocs\yii-1\framework\web\CController.php(308): CInlineAction->runWithParams()
#15 C:\xampp\htdocs\yii-1\framework\web\filters\CFilterChain.php(133): ConsultasController->runAction()
#16 C:\xampp\htdocs\yii-1\framework\web\filters\CFilter.php(40): CFilterChain->run()
#17 C:\xampp\htdocs\yii-1\framework\web\CController.php(1145): CAccessControlFilter->filter()
#18 C:\xampp\htdocs\yii-1\framework\web\filters\CInlineFilter.php(58): ConsultasController->filterAccessControl()
#19 C:\xampp\htdocs\yii-1\framework\web\filters\CFilterChain.php(130): CInlineFilter->filter()
#20 C:\xampp\htdocs\yii-1\framework\web\CController.php(291): CFilterChain->run()
#21 C:\xampp\htdocs\yii-1\framework\web\CController.php(265): ConsultasController->runActionWithFilters()
#22 C:\xampp\htdocs\yii-1\framework\web\CWebApplication.php(282): ConsultasController->run()
#23 C:\xampp\htdocs\yii-1\framework\web\CWebApplication.php(141): CWebApplication->runController()
#24 C:\xampp\htdocs\yii-1\framework\base\CApplication.php(184): CWebApplication->processRequest()
#25 C:\xampp\htdocs\consentinfo\index.php(13): CWebApplication->run()
REQUEST_URI=/consentinfo/consultas/index.html?Consultas[identificacion]=&Consultas[nombre]=&Consultas[apellido]=&Consultas[fecha_creacion]=&Consultas[fecha_anulacion]=&Consultas[correo_electronico]=&Consultas_page=1
in C:\xampp\htdocs\consentinfo\protected\views\consultas\index.php (44)
in C:\xampp\htdocs\consentinfo\protected\controllers\ConsultasController.php (132)
in C:\xampp\htdocs\consentinfo\index.php (13)
2015/02/26 23:10:06 [error] [php] include(EEditableColumn.php): failed to open stream: No such file or directory (C:\xampp\htdocs\yii-1\framework\YiiBase.php:432)
Stack trace:
#0 unknown(0): spl_autoload_call()
#1 C:\xampp\htdocs\yii-1\framework\YiiBase.php(303): class_exists()
#2 C:\xampp\htdocs\yii-1\framework\YiiBase.php(196): import()
#3 C:\xampp\htdocs\yii-1\framework\zii\widgets\grid\CGridView.php(388): createComponent()
#4 C:\xampp\htdocs\yii-1\framework\zii\widgets\grid\CGridView.php(359): CGridView->initColumns()
#5 C:\xampp\htdocs\yii-1\framework\web\CBaseController.php(147): CGridView->init()
#6 C:\xampp\htdocs\yii-1\framework\web\CBaseController.php(180): ConsultasController->createWidget()
#7 C:\xampp\htdocs\consentinfo\protected\views\consultas\index.php(45): ConsultasController->widget()
#8 C:\xampp\htdocs\yii-1\framework\web\CBaseController.php(126): require()
#9 C:\xampp\htdocs\yii-1\framework\web\CBaseController.php(95): ConsultasController->renderInternal()
#10 C:\xampp\htdocs\yii-1\framework\web\CController.php(869): ConsultasController->renderFile()
#11 C:\xampp\htdocs\yii-1\framework\web\CController.php(782): ConsultasController->renderPartial()
#12 C:\xampp\htdocs\consentinfo\protected\controllers\ConsultasController.php(132): ConsultasController->render()
#13 C:\xampp\htdocs\yii-1\framework\web\actions\CInlineAction.php(49): ConsultasController->actionIndex()
#14 C:\xampp\htdocs\yii-1\framework\web\CController.php(308): CInlineAction->runWithParams()
#15 C:\xampp\htdocs\yii-1\framework\web\filters\CFilterChain.php(133): ConsultasController->runAction()
#16 C:\xampp\htdocs\yii-1\framework\web\filters\CFilter.php(40): CFilterChain->run()
#17 C:\xampp\htdocs\yii-1\framework\web\CController.php(1145): CAccessControlFilter->filter()
#18 C:\xampp\htdocs\yii-1\framework\web\filters\CInlineFilter.php(58): ConsultasController->filterAccessControl()
#19 C:\xampp\htdocs\yii-1\framework\web\filters\CFilterChain.php(130): CInlineFilter->filter()
#20 C:\xampp\htdocs\yii-1\framework\web\CController.php(291): CFilterChain->run()
#21 C:\xampp\htdocs\yii-1\framework\web\CController.php(265): ConsultasController->runActionWithFilters()
#22 C:\xampp\htdocs\yii-1\framework\web\CWebApplication.php(282): ConsultasController->run()
#23 C:\xampp\htdocs\yii-1\framework\web\CWebApplication.php(141): CWebApplication->runController()
#24 C:\xampp\htdocs\yii-1\framework\base\CApplication.php(184): CWebApplication->processRequest()
#25 C:\xampp\htdocs\consentinfo\index.php(13): CWebApplication->run()
REQUEST_URI=/consentinfo/consultas/index.html?Consultas[identificacion]=&Consultas[nombre]=&Consultas[apellido]=&Consultas[fecha_creacion]=&Consultas[fecha_anulacion]=&Consultas[correo_electronico]=&Consultas_page=1
in C:\xampp\htdocs\consentinfo\protected\views\consultas\index.php (45)
in C:\xampp\htdocs\consentinfo\protected\controllers\ConsultasController.php (132)
in C:\xampp\htdocs\consentinfo\index.php (13)
2015/02/26 23:12:46 [error] [php] include(EEditableColumn.php): failed to open stream: No such file or directory (C:\xampp\htdocs\yii-1\framework\YiiBase.php:432)
Stack trace:
#0 unknown(0): spl_autoload_call()
#1 C:\xampp\htdocs\yii-1\framework\YiiBase.php(303): class_exists()
#2 C:\xampp\htdocs\yii-1\framework\YiiBase.php(196): import()
#3 C:\xampp\htdocs\yii-1\framework\zii\widgets\grid\CGridView.php(388): createComponent()
#4 C:\xampp\htdocs\yii-1\framework\zii\widgets\grid\CGridView.php(359): CGridView->initColumns()
#5 C:\xampp\htdocs\yii-1\framework\web\CBaseController.php(147): CGridView->init()
#6 C:\xampp\htdocs\yii-1\framework\web\CBaseController.php(180): ConsultasController->createWidget()
#7 C:\xampp\htdocs\consentinfo\protected\views\consultas\index.php(46): ConsultasController->widget()
#8 C:\xampp\htdocs\yii-1\framework\web\CBaseController.php(126): require()
#9 C:\xampp\htdocs\yii-1\framework\web\CBaseController.php(95): ConsultasController->renderInternal()
#10 C:\xampp\htdocs\yii-1\framework\web\CController.php(869): ConsultasController->renderFile()
#11 C:\xampp\htdocs\yii-1\framework\web\CController.php(782): ConsultasController->renderPartial()
#12 C:\xampp\htdocs\consentinfo\protected\controllers\ConsultasController.php(132): ConsultasController->render()
#13 C:\xampp\htdocs\yii-1\framework\web\actions\CInlineAction.php(49): ConsultasController->actionIndex()
#14 C:\xampp\htdocs\yii-1\framework\web\CController.php(308): CInlineAction->runWithParams()
#15 C:\xampp\htdocs\yii-1\framework\web\filters\CFilterChain.php(133): ConsultasController->runAction()
#16 C:\xampp\htdocs\yii-1\framework\web\filters\CFilter.php(40): CFilterChain->run()
#17 C:\xampp\htdocs\yii-1\framework\web\CController.php(1145): CAccessControlFilter->filter()
#18 C:\xampp\htdocs\yii-1\framework\web\filters\CInlineFilter.php(58): ConsultasController->filterAccessControl()
#19 C:\xampp\htdocs\yii-1\framework\web\filters\CFilterChain.php(130): CInlineFilter->filter()
#20 C:\xampp\htdocs\yii-1\framework\web\CController.php(291): CFilterChain->run()
#21 C:\xampp\htdocs\yii-1\framework\web\CController.php(265): ConsultasController->runActionWithFilters()
#22 C:\xampp\htdocs\yii-1\framework\web\CWebApplication.php(282): ConsultasController->run()
#23 C:\xampp\htdocs\yii-1\framework\web\CWebApplication.php(141): CWebApplication->runController()
#24 C:\xampp\htdocs\yii-1\framework\base\CApplication.php(184): CWebApplication->processRequest()
#25 C:\xampp\htdocs\consentinfo\index.php(13): CWebApplication->run()
REQUEST_URI=/consentinfo/consultas/index.html?Consultas[identificacion]=&Consultas[nombre]=&Consultas[apellido]=&Consultas[fecha_creacion]=&Consultas[fecha_anulacion]=&Consultas[correo_electronico]=&Consultas_page=1
in C:\xampp\htdocs\consentinfo\protected\views\consultas\index.php (46)
in C:\xampp\htdocs\consentinfo\protected\controllers\ConsultasController.php (132)
in C:\xampp\htdocs\consentinfo\index.php (13)
2015/02/26 23:13:28 [error] [php] include(EEditableColumn.php): failed to open stream: No such file or directory (C:\xampp\htdocs\yii-1\framework\YiiBase.php:432)
Stack trace:
#0 unknown(0): spl_autoload_call()
#1 C:\xampp\htdocs\yii-1\framework\YiiBase.php(303): class_exists()
#2 C:\xampp\htdocs\yii-1\framework\YiiBase.php(196): import()
#3 C:\xampp\htdocs\yii-1\framework\zii\widgets\grid\CGridView.php(388): createComponent()
#4 C:\xampp\htdocs\yii-1\framework\zii\widgets\grid\CGridView.php(359): CGridView->initColumns()
#5 C:\xampp\htdocs\yii-1\framework\web\CBaseController.php(147): CGridView->init()
#6 C:\xampp\htdocs\yii-1\framework\web\CBaseController.php(180): ConsultasController->createWidget()
#7 C:\xampp\htdocs\consentinfo\protected\views\consultas\index.php(46): ConsultasController->widget()
#8 C:\xampp\htdocs\yii-1\framework\web\CBaseController.php(126): require()
#9 C:\xampp\htdocs\yii-1\framework\web\CBaseController.php(95): ConsultasController->renderInternal()
#10 C:\xampp\htdocs\yii-1\framework\web\CController.php(869): ConsultasController->renderFile()
#11 C:\xampp\htdocs\yii-1\framework\web\CController.php(782): ConsultasController->renderPartial()
#12 C:\xampp\htdocs\consentinfo\protected\controllers\ConsultasController.php(132): ConsultasController->render()
#13 C:\xampp\htdocs\yii-1\framework\web\actions\CInlineAction.php(49): ConsultasController->actionIndex()
#14 C:\xampp\htdocs\yii-1\framework\web\CController.php(308): CInlineAction->runWithParams()
#15 C:\xampp\htdocs\yii-1\framework\web\filters\CFilterChain.php(133): ConsultasController->runAction()
#16 C:\xampp\htdocs\yii-1\framework\web\filters\CFilter.php(40): CFilterChain->run()
#17 C:\xampp\htdocs\yii-1\framework\web\CController.php(1145): CAccessControlFilter->filter()
#18 C:\xampp\htdocs\yii-1\framework\web\filters\CInlineFilter.php(58): ConsultasController->filterAccessControl()
#19 C:\xampp\htdocs\yii-1\framework\web\filters\CFilterChain.php(130): CInlineFilter->filter()
#20 C:\xampp\htdocs\yii-1\framework\web\CController.php(291): CFilterChain->run()
#21 C:\xampp\htdocs\yii-1\framework\web\CController.php(265): ConsultasController->runActionWithFilters()
#22 C:\xampp\htdocs\yii-1\framework\web\CWebApplication.php(282): ConsultasController->run()
#23 C:\xampp\htdocs\yii-1\framework\web\CWebApplication.php(141): CWebApplication->runController()
#24 C:\xampp\htdocs\yii-1\framework\base\CApplication.php(184): CWebApplication->processRequest()
#25 C:\xampp\htdocs\consentinfo\index.php(13): CWebApplication->run()
REQUEST_URI=/consentinfo/consultas/index.html?Consultas[identificacion]=&Consultas[nombre]=&Consultas[apellido]=&Consultas[fecha_creacion]=&Consultas[fecha_anulacion]=&Consultas[correo_electronico]=&Consultas_page=1
in C:\xampp\htdocs\consentinfo\protected\views\consultas\index.php (46)
in C:\xampp\htdocs\consentinfo\protected\controllers\ConsultasController.php (132)
in C:\xampp\htdocs\consentinfo\index.php (13)
2015/02/26 23:13:37 [error] [php] include(EEditableColumn.php): failed to open stream: No such file or directory (C:\xampp\htdocs\yii-1\framework\YiiBase.php:432)
Stack trace:
#0 unknown(0): spl_autoload_call()
#1 C:\xampp\htdocs\yii-1\framework\YiiBase.php(303): class_exists()
#2 C:\xampp\htdocs\yii-1\framework\YiiBase.php(196): import()
#3 C:\xampp\htdocs\yii-1\framework\zii\widgets\grid\CGridView.php(388): createComponent()
#4 C:\xampp\htdocs\yii-1\framework\zii\widgets\grid\CGridView.php(359): CGridView->initColumns()
#5 C:\xampp\htdocs\yii-1\framework\web\CBaseController.php(147): CGridView->init()
#6 C:\xampp\htdocs\yii-1\framework\web\CBaseController.php(180): ConsultasController->createWidget()
#7 C:\xampp\htdocs\consentinfo\protected\views\consultas\index.php(46): ConsultasController->widget()
#8 C:\xampp\htdocs\yii-1\framework\web\CBaseController.php(126): require()
#9 C:\xampp\htdocs\yii-1\framework\web\CBaseController.php(95): ConsultasController->renderInternal()
#10 C:\xampp\htdocs\yii-1\framework\web\CController.php(869): ConsultasController->renderFile()
#11 C:\xampp\htdocs\yii-1\framework\web\CController.php(782): ConsultasController->renderPartial()
#12 C:\xampp\htdocs\consentinfo\protected\controllers\ConsultasController.php(132): ConsultasController->render()
#13 C:\xampp\htdocs\yii-1\framework\web\actions\CInlineAction.php(49): ConsultasController->actionIndex()
#14 C:\xampp\htdocs\yii-1\framework\web\CController.php(308): CInlineAction->runWithParams()
#15 C:\xampp\htdocs\yii-1\framework\web\filters\CFilterChain.php(133): ConsultasController->runAction()
#16 C:\xampp\htdocs\yii-1\framework\web\filters\CFilter.php(40): CFilterChain->run()
#17 C:\xampp\htdocs\yii-1\framework\web\CController.php(1145): CAccessControlFilter->filter()
#18 C:\xampp\htdocs\yii-1\framework\web\filters\CInlineFilter.php(58): ConsultasController->filterAccessControl()
#19 C:\xampp\htdocs\yii-1\framework\web\filters\CFilterChain.php(130): CInlineFilter->filter()
#20 C:\xampp\htdocs\yii-1\framework\web\CController.php(291): CFilterChain->run()
#21 C:\xampp\htdocs\yii-1\framework\web\CController.php(265): ConsultasController->runActionWithFilters()
#22 C:\xampp\htdocs\yii-1\framework\web\CWebApplication.php(282): ConsultasController->run()
#23 C:\xampp\htdocs\yii-1\framework\web\CWebApplication.php(141): CWebApplication->runController()
#24 C:\xampp\htdocs\yii-1\framework\base\CApplication.php(184): CWebApplication->processRequest()
#25 C:\xampp\htdocs\consentinfo\index.php(13): CWebApplication->run()
REQUEST_URI=/consentinfo/consultas/index.html?Consultas[identificacion]=&Consultas[nombre]=&Consultas[apellido]=&Consultas[fecha_creacion]=&Consultas[fecha_anulacion]=&Consultas[correo_electronico]=&Consultas_page=1
in C:\xampp\htdocs\consentinfo\protected\views\consultas\index.php (46)
in C:\xampp\htdocs\consentinfo\protected\controllers\ConsultasController.php (132)
in C:\xampp\htdocs\consentinfo\index.php (13)
2015/03/06 20:54:11 [error] [exception.CHttpException.404] exception 'CHttpException' with message 'Unable to resolve the request "images/logo.png".' in C:\xampp\htdocs\yii-1\framework\web\CWebApplication.php:286
Stack trace:
#0 C:\xampp\htdocs\yii-1\framework\web\CWebApplication.php(141): CWebApplication->runController('images/logo.png')
#1 C:\xampp\htdocs\yii-1\framework\base\CApplication.php(184): CWebApplication->processRequest()
#2 C:\xampp\htdocs\consentinfo\index.php(13): CApplication->run()
#3 {main}
REQUEST_URI=/consentinfo/images/logo.png
HTTP_REFERER=http://localhost/consentinfo/consultas/
---
2015/03/06 20:54:17 [error] [exception.CHttpException.404] exception 'CHttpException' with message 'Unable to resolve the request "images/logo.png".' in C:\xampp\htdocs\yii-1\framework\web\CWebApplication.php:286
Stack trace:
#0 C:\xampp\htdocs\yii-1\framework\web\CWebApplication.php(141): CWebApplication->runController('images/logo.png')
#1 C:\xampp\htdocs\yii-1\framework\base\CApplication.php(184): CWebApplication->processRequest()
#2 C:\xampp\htdocs\consentinfo\index.php(13): CApplication->run()
#3 {main}
REQUEST_URI=/consentinfo/images/logo.png
HTTP_REFERER=http://localhost/consentinfo/consultas/
---
2015/03/06 21:49:14 [error] [exception.CHttpException.404] exception 'CHttpException' with message 'Unable to resolve the request "admin".' in C:\xampp\htdocs\yii-1\framework\web\CWebApplication.php:286
Stack trace:
#0 C:\xampp\htdocs\yii-1\framework\web\CWebApplication.php(141): CWebApplication->runController('admin')
#1 C:\xampp\htdocs\yii-1\framework\base\CApplication.php(184): CWebApplication->processRequest()
#2 C:\xampp\htdocs\consentinfo\index.php(13): CApplication->run()
#3 {main}
REQUEST_URI=/consentinfo/admin
---
